<?xml version="1.0" encoding="UTF-8"?>
<coverage generated="1784039018236" clover="3.2.0">
  <project timestamp="1784039018236" name="All files">
    <metrics statements="62" coveredstatements="52" conditionals="90" coveredconditionals="83" methods="20" coveredmethods="16" elements="172" coveredelements="151" complexity="0" loc="62" ncloc="62" packages="2" files="4" classes="4"/>
    <package name="tests.helpers">
      <metrics statements="14" coveredstatements="5" conditionals="6" coveredconditionals="2" methods="6" coveredmethods="2"/>
      <file name="api.ts" path="D:\Downloads\04_Proyectos\monitoreo-14-24\tests\helpers\api.ts">
        <metrics statements="9" coveredstatements="2" conditionals="4" coveredconditionals="1" methods="3" coveredmethods="1"/>
        <line num="26" count="1" type="stmt"/>
        <line num="29" count="0" type="cond" truecount="0" falsecount="2"/>
        <line num="30" count="0" type="stmt"/>
        <line num="31" count="0" type="stmt"/>
        <line num="33" count="0" type="stmt"/>
        <line num="36" count="0" type="stmt"/>
        <line num="41" count="31" type="cond" truecount="1" falsecount="1"/>
        <line num="42" count="0" type="stmt"/>
        <line num="43" count="0" type="stmt"/>
      </file>
      <file name="time.ts" path="D:\Downloads\04_Proyectos\monitoreo-14-24\tests\helpers\time.ts">
        <metrics statements="5" coveredstatements="3" conditionals="2" coveredconditionals="1" methods="3" coveredmethods="1"/>
        <line num="12" count="31" type="cond" truecount="1" falsecount="1"/>
        <line num="13" count="31" type="stmt"/>
        <line num="14" count="31" type="stmt"/>
        <line num="18" count="0" type="stmt"/>
        <line num="22" count="0" type="stmt"/>
      </file>
    </package>
    <package name="utils">
      <metrics statements="48" coveredstatements="47" conditionals="84" coveredconditionals="81" methods="14" coveredmethods="14"/>
      <file name="dataUtils.ts" path="D:\Downloads\04_Proyectos\monitoreo-14-24\utils\dataUtils.ts">
        <metrics statements="30" coveredstatements="29" conditionals="55" coveredconditionals="52" methods="5" coveredmethods="5"/>
        <line num="7" count="1" type="stmt"/>
        <line num="9" count="766" type="cond" truecount="5" falsecount="0"/>
        <line num="10" count="479" type="stmt"/>
        <line num="14" count="287" type="stmt"/>
        <line num="15" count="287" type="cond" truecount="5" falsecount="0"/>
        <line num="16" count="2" type="stmt"/>
        <line num="20" count="285" type="stmt"/>
        <line num="21" count="285" type="cond" truecount="3" falsecount="2"/>
        <line num="22" count="0" type="stmt"/>
        <line num="25" count="285" type="stmt"/>
        <line num="31" count="1" type="stmt"/>
        <line num="32" count="64" type="cond" truecount="3" falsecount="0"/>
        <line num="33" count="64" type="stmt"/>
        <line num="34" count="64" type="cond" truecount="4" falsecount="0"/>
        <line num="42" count="10" type="stmt"/>
        <line num="43" count="10" type="stmt"/>
        <line num="44" count="2660" type="stmt"/>
        <line num="45" count="2660" type="stmt"/>
        <line num="47" count="10" type="stmt"/>
        <line num="55" count="55" type="cond" truecount="3" falsecount="1"/>
        <line num="56" count="55" type="stmt"/>
        <line num="57" count="55" type="stmt"/>
        <line num="64" count="1" type="stmt"/>
        <line num="66" count="38" type="cond" truecount="4" falsecount="0"/>
        <line num="67" count="6" type="stmt"/>
        <line num="68" count="6" type="stmt"/>
        <line num="100" count="32" type="cond" truecount="2" falsecount="0"/>
        <line num="101" count="38" type="cond" truecount="2" falsecount="0"/>
        <line num="105" count="38" type="cond" truecount="4" falsecount="0"/>
        <line num="108" count="38" type="stmt"/>
      </file>
      <file name="normalize.ts" path="D:\Downloads\04_Proyectos\monitoreo-14-24\utils\normalize.ts">
        <metrics statements="18" coveredstatements="18" conditionals="29" coveredconditionals="29" methods="9" coveredmethods="9"/>
        <line num="25" count="1" type="stmt"/>
        <line num="34" count="1" type="stmt"/>
        <line num="42" count="58" type="cond" truecount="4" falsecount="0"/>
        <line num="50" count="22" type="cond" truecount="2" falsecount="0"/>
        <line num="51" count="19" type="stmt"/>
        <line num="60" count="17" type="cond" truecount="2" falsecount="0"/>
        <line num="61" count="14" type="stmt"/>
        <line num="71" count="7" type="stmt"/>
        <line num="82" count="12" type="cond" truecount="4" falsecount="0"/>
        <line num="93" count="7" type="cond" truecount="2" falsecount="0"/>
        <line num="94" count="7" type="cond" truecount="2" falsecount="0"/>
        <line num="103" count="7" type="cond" truecount="2" falsecount="0"/>
        <line num="104" count="7" type="cond" truecount="2" falsecount="0"/>
        <line num="112" count="7" type="cond" truecount="2" falsecount="0"/>
        <line num="113" count="6" type="stmt"/>
        <line num="114" count="6" type="cond" truecount="3" falsecount="0"/>
        <line num="122" count="4" type="cond" truecount="2" falsecount="0"/>
        <line num="123" count="3" type="cond" truecount="2" falsecount="0"/>
      </file>
    </package>
  </project>
</coverage>
