{"D:\\Downloads\\04_Proyectos\\monitoreo-14-24\\tests\\helpers\\api.ts": {"path":"D:\\Downloads\\04_Proyectos\\monitoreo-14-24\\tests\\helpers\\api.ts","statementMap":{"0":{"start":{"line":26,"column":4},"end":{"line":26,"column":null}},"1":{"start":{"line":29,"column":4},"end":{"line":32,"column":null}},"2":{"start":{"line":30,"column":8},"end":{"line":30,"column":null}},"3":{"start":{"line":31,"column":8},"end":{"line":31,"column":null}},"4":{"start":{"line":33,"column":4},"end":{"line":37,"column":null}},"5":{"start":{"line":36,"column":12},"end":{"line":36,"column":null}},"6":{"start":{"line":41,"column":4},"end":{"line":44,"column":null}},"7":{"start":{"line":42,"column":8},"end":{"line":42,"column":null}},"8":{"start":{"line":43,"column":8},"end":{"line":43,"column":null}}},"fnMap":{"0":{"name":"stubFetch","decl":{"start":{"line":28,"column":16},"end":{"line":28,"column":26}},"loc":{"start":{"line":28,"column":55},"end":{"line":38,"column":null}},"line":28},"1":{"name":"(anonymous_1)","decl":{"start":{"line":35,"column":9},"end":{"line":35,"column":29}},"loc":{"start":{"line":35,"column":78},"end":{"line":37,"column":9}},"line":35},"2":{"name":"restoreFetch","decl":{"start":{"line":40,"column":16},"end":{"line":40,"column":37}},"loc":{"start":{"line":40,"column":37},"end":{"line":45,"column":null}},"line":40}},"branchMap":{"0":{"loc":{"start":{"line":29,"column":4},"end":{"line":32,"column":null}},"type":"if","locations":[{"start":{"line":29,"column":4},"end":{"line":32,"column":null}},{"start":{},"end":{}}],"line":29},"1":{"loc":{"start":{"line":41,"column":4},"end":{"line":44,"column":null}},"type":"if","locations":[{"start":{"line":41,"column":4},"end":{"line":44,"column":null}},{"start":{},"end":{}}],"line":41}},"s":{"0":1,"1":0,"2":0,"3":0,"4":0,"5":0,"6":31,"7":0,"8":0},"f":{"0":0,"1":0,"2":31},"b":{"0":[0,0],"1":[0,31]},"meta":{"lastBranch":2,"lastFunction":3,"lastStatement":9,"seen":{"s:26:4:26:Infinity":0,"f:28:16:28:26":0,"b:29:4:32:Infinity:undefined:undefined:undefined:undefined":0,"s:29:4:32:Infinity":1,"s:30:8:30:Infinity":2,"s:31:8:31:Infinity":3,"s:33:4:37:Infinity":4,"f:35:9:35:29":1,"s:36:12:36:Infinity":5,"f:40:16:40:37":2,"b:41:4:44:Infinity:undefined:undefined:undefined:undefined":1,"s:41:4:44:Infinity":6,"s:42:8:42:Infinity":7,"s:43:8:43:Infinity":8},"fnNames":{}}}
,"D:\\Downloads\\04_Proyectos\\monitoreo-14-24\\tests\\helpers\\time.ts": {"path":"D:\\Downloads\\04_Proyectos\\monitoreo-14-24\\tests\\helpers\\time.ts","statementMap":{"0":{"start":{"line":12,"column":19},"end":{"line":12,"column":null}},"1":{"start":{"line":13,"column":4},"end":{"line":13,"column":null}},"2":{"start":{"line":14,"column":4},"end":{"line":14,"column":null}},"3":{"start":{"line":18,"column":4},"end":{"line":18,"column":null}},"4":{"start":{"line":22,"column":4},"end":{"line":22,"column":null}}},"fnMap":{"0":{"name":"freezeAt","decl":{"start":{"line":11,"column":16},"end":{"line":11,"column":25}},"loc":{"start":{"line":11,"column":52},"end":{"line":15,"column":null}},"line":11},"1":{"name":"advance","decl":{"start":{"line":17,"column":16},"end":{"line":17,"column":24}},"loc":{"start":{"line":17,"column":42},"end":{"line":19,"column":null}},"line":17},"2":{"name":"now","decl":{"start":{"line":21,"column":16},"end":{"line":21,"column":28}},"loc":{"start":{"line":21,"column":28},"end":{"line":23,"column":null}},"line":21}},"branchMap":{"0":{"loc":{"start":{"line":12,"column":19},"end":{"line":12,"column":null}},"type":"cond-expr","locations":[{"start":{"line":12,"column":46},"end":{"line":12,"column":63}},{"start":{"line":12,"column":63},"end":{"line":12,"column":null}}],"line":12}},"s":{"0":31,"1":31,"2":31,"3":0,"4":0},"f":{"0":31,"1":0,"2":0},"b":{"0":[0,31]},"meta":{"lastBranch":1,"lastFunction":3,"lastStatement":5,"seen":{"f:11:16:11:25":0,"s:12:19:12:Infinity":0,"b:12:46:12:63:12:63:12:Infinity":0,"s:13:4:13:Infinity":1,"s:14:4:14:Infinity":2,"f:17:16:17:24":1,"s:18:4:18:Infinity":3,"f:21:16:21:28":2,"s:22:4:22:Infinity":4},"fnNames":{}}}
,"D:\\Downloads\\04_Proyectos\\monitoreo-14-24\\utils\\dataUtils.ts": {"path":"D:\\Downloads\\04_Proyectos\\monitoreo-14-24\\utils\\dataUtils.ts","statementMap":{"0":{"start":{"line":7,"column":6},"end":{"line":26,"column":null}},"1":{"start":{"line":9,"column":4},"end":{"line":11,"column":null}},"2":{"start":{"line":10,"column":8},"end":{"line":10,"column":null}},"3":{"start":{"line":14,"column":19},"end":{"line":14,"column":null}},"4":{"start":{"line":15,"column":4},"end":{"line":17,"column":null}},"5":{"start":{"line":16,"column":8},"end":{"line":16,"column":null}},"6":{"start":{"line":20,"column":18},"end":{"line":20,"column":null}},"7":{"start":{"line":21,"column":4},"end":{"line":23,"column":null}},"8":{"start":{"line":22,"column":8},"end":{"line":22,"column":null}},"9":{"start":{"line":25,"column":4},"end":{"line":25,"column":null}},"10":{"start":{"line":31,"column":6},"end":{"line":35,"column":null}},"11":{"start":{"line":32,"column":16},"end":{"line":32,"column":null}},"12":{"start":{"line":33,"column":19},"end":{"line":33,"column":null}},"13":{"start":{"line":34,"column":4},"end":{"line":34,"column":null}},"14":{"start":{"line":42,"column":15},"end":{"line":42,"column":null}},"15":{"start":{"line":43,"column":4},"end":{"line":46,"column":null}},"16":{"start":{"line":43,"column":17},"end":{"line":43,"column":20}},"17":{"start":{"line":44,"column":8},"end":{"line":44,"column":null}},"18":{"start":{"line":45,"column":8},"end":{"line":45,"column":null}},"19":{"start":{"line":47,"column":4},"end":{"line":47,"column":null}},"20":{"start":{"line":55,"column":4},"end":{"line":55,"column":null}},"21":{"start":{"line":55,"column":47},"end":{"line":55,"column":null}},"22":{"start":{"line":56,"column":14},"end":{"line":56,"column":null}},"23":{"start":{"line":57,"column":4},"end":{"line":57,"column":null}},"24":{"start":{"line":64,"column":13},"end":{"line":137,"column":null}},"25":{"start":{"line":66,"column":4},"end":{"line":97,"column":null}},"26":{"start":{"line":67,"column":8},"end":{"line":67,"column":null}},"27":{"start":{"line":68,"column":8},"end":{"line":96,"column":null}},"28":{"start":{"line":100,"column":28},"end":{"line":100,"column":null}},"29":{"start":{"line":101,"column":26},"end":{"line":101,"column":null}},"30":{"start":{"line":105,"column":9},"end":{"line":106,"column":null}},"31":{"start":{"line":108,"column":4},"end":{"line":136,"column":null}}},"fnMap":{"0":{"name":"(anonymous_0)","decl":{"start":{"line":7,"column":6},"end":{"line":7,"column":18}},"loc":{"start":{"line":7,"column":57},"end":{"line":26,"column":null}},"line":7},"1":{"name":"(anonymous_1)","decl":{"start":{"line":31,"column":6},"end":{"line":31,"column":25}},"loc":{"start":{"line":31,"column":57},"end":{"line":35,"column":null}},"line":31},"2":{"name":"stableHash","decl":{"start":{"line":41,"column":9},"end":{"line":41,"column":20}},"loc":{"start":{"line":41,"column":43},"end":{"line":48,"column":null}},"line":41},"3":{"name":"isValidDate","decl":{"start":{"line":54,"column":9},"end":{"line":54,"column":21}},"loc":{"start":{"line":54,"column":64},"end":{"line":58,"column":null}},"line":54},"4":{"name":"(anonymous_4)","decl":{"start":{"line":64,"column":13},"end":{"line":64,"column":36}},"loc":{"start":{"line":64,"column":75},"end":{"line":137,"column":null}},"line":64}},"branchMap":{"0":{"loc":{"start":{"line":9,"column":4},"end":{"line":11,"column":null}},"type":"if","locations":[{"start":{"line":9,"column":4},"end":{"line":11,"column":null}},{"start":{},"end":{}}],"line":9},"1":{"loc":{"start":{"line":9,"column":8},"end":{"line":9,"column":66}},"type":"binary-expr","locations":[{"start":{"line":9,"column":8},"end":{"line":9,"column":32}},{"start":{"line":9,"column":32},"end":{"line":9,"column":51}},{"start":{"line":9,"column":51},"end":{"line":9,"column":66}}],"line":9},"2":{"loc":{"start":{"line":15,"column":4},"end":{"line":17,"column":null}},"type":"if","locations":[{"start":{"line":15,"column":4},"end":{"line":17,"column":null}},{"start":{},"end":{}}],"line":15},"3":{"loc":{"start":{"line":15,"column":8},"end":{"line":15,"column":75}},"type":"binary-expr","locations":[{"start":{"line":15,"column":8},"end":{"line":15,"column":35}},{"start":{"line":15,"column":35},"end":{"line":15,"column":57}},{"start":{"line":15,"column":57},"end":{"line":15,"column":75}}],"line":15},"4":{"loc":{"start":{"line":21,"column":4},"end":{"line":23,"column":null}},"type":"if","locations":[{"start":{"line":21,"column":4},"end":{"line":23,"column":null}},{"start":{},"end":{}}],"line":21},"5":{"loc":{"start":{"line":21,"column":8},"end":{"line":21,"column":72}},"type":"binary-expr","locations":[{"start":{"line":21,"column":8},"end":{"line":21,"column":34}},{"start":{"line":21,"column":34},"end":{"line":21,"column":55}},{"start":{"line":21,"column":55},"end":{"line":21,"column":72}}],"line":21},"6":{"loc":{"start":{"line":32,"column":16},"end":{"line":32,"column":null}},"type":"binary-expr","locations":[{"start":{"line":32,"column":16},"end":{"line":32,"column":26}},{"start":{"line":32,"column":26},"end":{"line":32,"column":75}},{"start":{"line":32,"column":75},"end":{"line":32,"column":null}}],"line":32},"7":{"loc":{"start":{"line":34,"column":11},"end":{"line":34,"column":null}},"type":"cond-expr","locations":[{"start":{"line":34,"column":48},"end":{"line":34,"column":57}},{"start":{"line":34,"column":57},"end":{"line":34,"column":null}}],"line":34},"8":{"loc":{"start":{"line":34,"column":11},"end":{"line":34,"column":48}},"type":"binary-expr","locations":[{"start":{"line":34,"column":11},"end":{"line":34,"column":29}},{"start":{"line":34,"column":29},"end":{"line":34,"column":48}}],"line":34},"9":{"loc":{"start":{"line":55,"column":4},"end":{"line":55,"column":null}},"type":"if","locations":[{"start":{"line":55,"column":4},"end":{"line":55,"column":null}},{"start":{},"end":{}}],"line":55},"10":{"loc":{"start":{"line":55,"column":8},"end":{"line":55,"column":47}},"type":"binary-expr","locations":[{"start":{"line":55,"column":8},"end":{"line":55,"column":26}},{"start":{"line":55,"column":26},"end":{"line":55,"column":47}}],"line":55},"11":{"loc":{"start":{"line":66,"column":4},"end":{"line":97,"column":null}},"type":"if","locations":[{"start":{"line":66,"column":4},"end":{"line":97,"column":null}},{"start":{},"end":{}}],"line":66},"12":{"loc":{"start":{"line":66,"column":8},"end":{"line":66,"column":37}},"type":"binary-expr","locations":[{"start":{"line":66,"column":8},"end":{"line":66,"column":14}},{"start":{"line":66,"column":14},"end":{"line":66,"column":37}}],"line":66},"13":{"loc":{"start":{"line":100,"column":28},"end":{"line":100,"column":null}},"type":"binary-expr","locations":[{"start":{"line":100,"column":28},"end":{"line":100,"column":62}},{"start":{"line":100,"column":62},"end":{"line":100,"column":null}}],"line":100},"14":{"loc":{"start":{"line":101,"column":26},"end":{"line":101,"column":null}},"type":"binary-expr","locations":[{"start":{"line":101,"column":26},"end":{"line":101,"column":58}},{"start":{"line":101,"column":58},"end":{"line":101,"column":null}}],"line":101},"15":{"loc":{"start":{"line":105,"column":9},"end":{"line":106,"column":null}},"type":"binary-expr","locations":[{"start":{"line":105,"column":9},"end":{"line":105,"column":37}},{"start":{"line":105,"column":37},"end":{"line":105,"column":null}},{"start":{"line":106,"column":9},"end":{"line":106,"column":35}},{"start":{"line":106,"column":35},"end":{"line":106,"column":null}}],"line":105},"16":{"loc":{"start":{"line":109,"column":12},"end":{"line":109,"column":null}},"type":"binary-expr","locations":[{"start":{"line":109,"column":12},"end":{"line":109,"column":20}},{"start":{"line":109,"column":20},"end":{"line":109,"column":28}},{"start":{"line":109,"column":28},"end":{"line":109,"column":null}}],"line":109},"17":{"loc":{"start":{"line":110,"column":17},"end":{"line":110,"column":null}},"type":"binary-expr","locations":[{"start":{"line":110,"column":17},"end":{"line":110,"column":43}},{"start":{"line":110,"column":43},"end":{"line":110,"column":null}}],"line":110},"18":{"loc":{"start":{"line":111,"column":19},"end":{"line":111,"column":null}},"type":"binary-expr","locations":[{"start":{"line":111,"column":19},"end":{"line":111,"column":47}},{"start":{"line":111,"column":47},"end":{"line":111,"column":null}}],"line":111},"19":{"loc":{"start":{"line":112,"column":16},"end":{"line":112,"column":null}},"type":"binary-expr","locations":[{"start":{"line":112,"column":16},"end":{"line":112,"column":41}},{"start":{"line":112,"column":41},"end":{"line":112,"column":null}}],"line":112},"20":{"loc":{"start":{"line":120,"column":16},"end":{"line":120,"column":null}},"type":"cond-expr","locations":[{"start":{"line":120,"column":34},"end":{"line":120,"column":53}},{"start":{"line":120,"column":53},"end":{"line":120,"column":null}}],"line":120},"21":{"loc":{"start":{"line":120,"column":53},"end":{"line":120,"column":null}},"type":"binary-expr","locations":[{"start":{"line":120,"column":53},"end":{"line":120,"column":78}},{"start":{"line":120,"column":78},"end":{"line":120,"column":null}}],"line":120},"22":{"loc":{"start":{"line":121,"column":14},"end":{"line":121,"column":null}},"type":"binary-expr","locations":[{"start":{"line":121,"column":14},"end":{"line":121,"column":37}},{"start":{"line":121,"column":37},"end":{"line":121,"column":null}}],"line":121},"23":{"loc":{"start":{"line":122,"column":19},"end":{"line":122,"column":null}},"type":"binary-expr","locations":[{"start":{"line":122,"column":19},"end":{"line":122,"column":47}},{"start":{"line":122,"column":47},"end":{"line":122,"column":null}}],"line":122}},"s":{"0":1,"1":766,"2":479,"3":287,"4":287,"5":2,"6":285,"7":285,"8":0,"9":285,"10":1,"11":64,"12":64,"13":64,"14":10,"15":10,"16":10,"17":2660,"18":2660,"19":10,"20":55,"21":0,"22":55,"23":55,"24":1,"25":38,"26":6,"27":6,"28":32,"29":38,"30":38,"31":38},"f":{"0":766,"1":64,"2":10,"3":55,"4":38},"b":{"0":[479,287],"1":[766,726,479],"2":[2,285],"3":[287,2,2],"4":[0,285],"5":[285,247,0],"6":[64,35,35],"7":[60,4],"8":[64,60],"9":[0,55],"10":[55,55],"11":[6,32],"12":[38,33],"13":[32,4],"14":[38,4],"15":[38,28,31,27],"16":[38,5,4],"17":[38,2],"18":[38,1],"19":[38,2],"20":[2,30],"21":[30,2],"22":[38,2],"23":[38,2]},"meta":{"lastBranch":24,"lastFunction":5,"lastStatement":32,"seen":{"s:7:6:26:Infinity":0,"f:7:6:7:18":0,"b:9:4:11:Infinity:undefined:undefined:undefined:undefined":0,"s:9:4:11:Infinity":1,"b:9:8:9:32:9:32:9:51:9:51:9:66":1,"s:10:8:10:Infinity":2,"s:14:19:14:Infinity":3,"b:15:4:17:Infinity:undefined:undefined:undefined:undefined":2,"s:15:4:17:Infinity":4,"b:15:8:15:35:15:35:15:57:15:57:15:75":3,"s:16:8:16:Infinity":5,"s:20:18:20:Infinity":6,"b:21:4:23:Infinity:undefined:undefined:undefined:undefined":4,"s:21:4:23:Infinity":7,"b:21:8:21:34:21:34:21:55:21:55:21:72":5,"s:22:8:22:Infinity":8,"s:25:4:25:Infinity":9,"s:31:6:35:Infinity":10,"f:31:6:31:25":1,"s:32:16:32:Infinity":11,"b:32:16:32:26:32:26:32:75:32:75:32:Infinity":6,"s:33:19:33:Infinity":12,"s:34:4:34:Infinity":13,"b:34:48:34:57:34:57:34:Infinity":7,"b:34:11:34:29:34:29:34:48":8,"f:41:9:41:20":2,"s:42:15:42:Infinity":14,"s:43:4:46:Infinity":15,"s:43:17:43:20":16,"s:44:8:44:Infinity":17,"s:45:8:45:Infinity":18,"s:47:4:47:Infinity":19,"f:54:9:54:21":3,"b:55:4:55:Infinity:undefined:undefined:undefined:undefined":9,"s:55:4:55:Infinity":20,"b:55:8:55:26:55:26:55:47":10,"s:55:47:55:Infinity":21,"s:56:14:56:Infinity":22,"s:57:4:57:Infinity":23,"s:64:13:137:Infinity":24,"f:64:13:64:36":4,"b:66:4:97:Infinity:undefined:undefined:undefined:undefined":11,"s:66:4:97:Infinity":25,"b:66:8:66:14:66:14:66:37":12,"s:67:8:67:Infinity":26,"s:68:8:96:Infinity":27,"s:100:28:100:Infinity":28,"b:100:28:100:62:100:62:100:Infinity":13,"s:101:26:101:Infinity":29,"b:101:26:101:58:101:58:101:Infinity":14,"s:105:9:106:Infinity":30,"b:105:9:105:37:105:37:105:Infinity:106:9:106:35:106:35:106:Infinity":15,"s:108:4:136:Infinity":31,"b:109:12:109:20:109:20:109:28:109:28:109:Infinity":16,"b:110:17:110:43:110:43:110:Infinity":17,"b:111:19:111:47:111:47:111:Infinity":18,"b:112:16:112:41:112:41:112:Infinity":19,"b:120:34:120:53:120:53:120:Infinity":20,"b:120:53:120:78:120:78:120:Infinity":21,"b:121:14:121:37:121:37:121:Infinity":22,"b:122:19:122:47:122:47:122:Infinity":23},"fnNames":{}}}
,"D:\\Downloads\\04_Proyectos\\monitoreo-14-24\\utils\\normalize.ts": {"path":"D:\\Downloads\\04_Proyectos\\monitoreo-14-24\\utils\\normalize.ts","statementMap":{"0":{"start":{"line":25,"column":18},"end":{"line":32,"column":null}},"1":{"start":{"line":34,"column":29},"end":{"line":34,"column":null}},"2":{"start":{"line":42,"column":4},"end":{"line":42,"column":null}},"3":{"start":{"line":50,"column":4},"end":{"line":50,"column":null}},"4":{"start":{"line":50,"column":24},"end":{"line":50,"column":null}},"5":{"start":{"line":51,"column":4},"end":{"line":51,"column":null}},"6":{"start":{"line":60,"column":4},"end":{"line":60,"column":null}},"7":{"start":{"line":60,"column":24},"end":{"line":60,"column":null}},"8":{"start":{"line":61,"column":4},"end":{"line":61,"column":null}},"9":{"start":{"line":71,"column":4},"end":{"line":71,"column":null}},"10":{"start":{"line":82,"column":4},"end":{"line":82,"column":null}},"11":{"start":{"line":93,"column":10},"end":{"line":93,"column":null}},"12":{"start":{"line":94,"column":4},"end":{"line":94,"column":null}},"13":{"start":{"line":103,"column":10},"end":{"line":103,"column":null}},"14":{"start":{"line":104,"column":4},"end":{"line":104,"column":null}},"15":{"start":{"line":112,"column":4},"end":{"line":112,"column":null}},"16":{"start":{"line":112,"column":17},"end":{"line":112,"column":null}},"17":{"start":{"line":113,"column":14},"end":{"line":113,"column":null}},"18":{"start":{"line":114,"column":4},"end":{"line":114,"column":null}},"19":{"start":{"line":122,"column":4},"end":{"line":122,"column":null}},"20":{"start":{"line":122,"column":17},"end":{"line":122,"column":null}},"21":{"start":{"line":123,"column":4},"end":{"line":123,"column":null}}},"fnMap":{"0":{"name":"isMissing","decl":{"start":{"line":41,"column":16},"end":{"line":41,"column":26}},"loc":{"start":{"line":41,"column":67},"end":{"line":43,"column":null}},"line":41},"1":{"name":"isNotAvailable","decl":{"start":{"line":49,"column":16},"end":{"line":49,"column":31}},"loc":{"start":{"line":49,"column":72},"end":{"line":52,"column":null}},"line":49},"2":{"name":"isNoneReported","decl":{"start":{"line":59,"column":16},"end":{"line":59,"column":31}},"loc":{"start":{"line":59,"column":72},"end":{"line":62,"column":null}},"line":59},"3":{"name":"isInvalid","decl":{"start":{"line":70,"column":16},"end":{"line":70,"column":26}},"loc":{"start":{"line":70,"column":68},"end":{"line":72,"column":null}},"line":70},"4":{"name":"hasValue","decl":{"start":{"line":81,"column":16},"end":{"line":81,"column":25}},"loc":{"start":{"line":81,"column":66},"end":{"line":83,"column":null}},"line":81},"5":{"name":"isWomen","decl":{"start":{"line":92,"column":16},"end":{"line":92,"column":24}},"loc":{"start":{"line":92,"column":66},"end":{"line":95,"column":null}},"line":92},"6":{"name":"isMen","decl":{"start":{"line":102,"column":16},"end":{"line":102,"column":22}},"loc":{"start":{"line":102,"column":64},"end":{"line":105,"column":null}},"line":102},"7":{"name":"isActiveStatus","decl":{"start":{"line":111,"column":16},"end":{"line":111,"column":31}},"loc":{"start":{"line":111,"column":75},"end":{"line":115,"column":null}},"line":111},"8":{"name":"isGraduatedStatus","decl":{"start":{"line":121,"column":16},"end":{"line":121,"column":34}},"loc":{"start":{"line":121,"column":78},"end":{"line":124,"column":null}},"line":121}},"branchMap":{"0":{"loc":{"start":{"line":42,"column":11},"end":{"line":42,"column":null}},"type":"binary-expr","locations":[{"start":{"line":42,"column":11},"end":{"line":42,"column":27}},{"start":{"line":42,"column":27},"end":{"line":42,"column":49}},{"start":{"line":42,"column":49},"end":{"line":42,"column":76}},{"start":{"line":42,"column":76},"end":{"line":42,"column":null}}],"line":42},"1":{"loc":{"start":{"line":50,"column":4},"end":{"line":50,"column":null}},"type":"if","locations":[{"start":{"line":50,"column":4},"end":{"line":50,"column":null}},{"start":{},"end":{}}],"line":50},"2":{"loc":{"start":{"line":60,"column":4},"end":{"line":60,"column":null}},"type":"if","locations":[{"start":{"line":60,"column":4},"end":{"line":60,"column":null}},{"start":{},"end":{}}],"line":60},"3":{"loc":{"start":{"line":82,"column":11},"end":{"line":82,"column":null}},"type":"binary-expr","locations":[{"start":{"line":82,"column":11},"end":{"line":82,"column":30}},{"start":{"line":82,"column":30},"end":{"line":82,"column":54}},{"start":{"line":82,"column":54},"end":{"line":82,"column":78}},{"start":{"line":82,"column":78},"end":{"line":82,"column":null}}],"line":82},"4":{"loc":{"start":{"line":93,"column":15},"end":{"line":93,"column":25}},"type":"binary-expr","locations":[{"start":{"line":93,"column":15},"end":{"line":93,"column":23}},{"start":{"line":93,"column":23},"end":{"line":93,"column":25}}],"line":93},"5":{"loc":{"start":{"line":94,"column":11},"end":{"line":94,"column":null}},"type":"binary-expr","locations":[{"start":{"line":94,"column":11},"end":{"line":94,"column":24}},{"start":{"line":94,"column":24},"end":{"line":94,"column":null}}],"line":94},"6":{"loc":{"start":{"line":103,"column":15},"end":{"line":103,"column":25}},"type":"binary-expr","locations":[{"start":{"line":103,"column":15},"end":{"line":103,"column":23}},{"start":{"line":103,"column":23},"end":{"line":103,"column":25}}],"line":103},"7":{"loc":{"start":{"line":104,"column":11},"end":{"line":104,"column":null}},"type":"binary-expr","locations":[{"start":{"line":104,"column":11},"end":{"line":104,"column":24}},{"start":{"line":104,"column":24},"end":{"line":104,"column":null}}],"line":104},"8":{"loc":{"start":{"line":112,"column":4},"end":{"line":112,"column":null}},"type":"if","locations":[{"start":{"line":112,"column":4},"end":{"line":112,"column":null}},{"start":{},"end":{}}],"line":112},"9":{"loc":{"start":{"line":114,"column":11},"end":{"line":114,"column":null}},"type":"binary-expr","locations":[{"start":{"line":114,"column":11},"end":{"line":114,"column":29}},{"start":{"line":114,"column":29},"end":{"line":114,"column":53}},{"start":{"line":114,"column":53},"end":{"line":114,"column":null}}],"line":114},"10":{"loc":{"start":{"line":122,"column":4},"end":{"line":122,"column":null}},"type":"if","locations":[{"start":{"line":122,"column":4},"end":{"line":122,"column":null}},{"start":{},"end":{}}],"line":122},"11":{"loc":{"start":{"line":123,"column":11},"end":{"line":123,"column":null}},"type":"binary-expr","locations":[{"start":{"line":123,"column":11},"end":{"line":123,"column":56}},{"start":{"line":123,"column":56},"end":{"line":123,"column":null}}],"line":123}},"s":{"0":1,"1":1,"2":58,"3":22,"4":3,"5":19,"6":17,"7":3,"8":14,"9":7,"10":12,"11":7,"12":7,"13":7,"14":7,"15":7,"16":1,"17":6,"18":6,"19":4,"20":1,"21":3},"f":{"0":58,"1":22,"2":17,"3":7,"4":12,"5":7,"6":7,"7":7,"8":4},"b":{"0":[58,54,50,50],"1":[3,19],"2":[3,14],"3":[12,9,5,3],"4":[7,2],"5":[7,6],"6":[7,2],"7":[7,6],"8":[1,6],"9":[6,4,2],"10":[1,3],"11":[3,2]},"meta":{"lastBranch":12,"lastFunction":9,"lastStatement":22,"seen":{"s:25:18:32:Infinity":0,"s:34:29:34:Infinity":1,"f:41:16:41:26":0,"s:42:4:42:Infinity":2,"b:42:11:42:27:42:27:42:49:42:49:42:76:42:76:42:Infinity":0,"f:49:16:49:31":1,"b:50:4:50:Infinity:undefined:undefined:undefined:undefined":1,"s:50:4:50:Infinity":3,"s:50:24:50:Infinity":4,"s:51:4:51:Infinity":5,"f:59:16:59:31":2,"b:60:4:60:Infinity:undefined:undefined:undefined:undefined":2,"s:60:4:60:Infinity":6,"s:60:24:60:Infinity":7,"s:61:4:61:Infinity":8,"f:70:16:70:26":3,"s:71:4:71:Infinity":9,"f:81:16:81:25":4,"s:82:4:82:Infinity":10,"b:82:11:82:30:82:30:82:54:82:54:82:78:82:78:82:Infinity":3,"f:92:16:92:24":5,"s:93:10:93:Infinity":11,"b:93:15:93:23:93:23:93:25":4,"s:94:4:94:Infinity":12,"b:94:11:94:24:94:24:94:Infinity":5,"f:102:16:102:22":6,"s:103:10:103:Infinity":13,"b:103:15:103:23:103:23:103:25":6,"s:104:4:104:Infinity":14,"b:104:11:104:24:104:24:104:Infinity":7,"f:111:16:111:31":7,"b:112:4:112:Infinity:undefined:undefined:undefined:undefined":8,"s:112:4:112:Infinity":15,"s:112:17:112:Infinity":16,"s:113:14:113:Infinity":17,"s:114:4:114:Infinity":18,"b:114:11:114:29:114:29:114:53:114:53:114:Infinity":9,"f:121:16:121:34":8,"b:122:4:122:Infinity:undefined:undefined:undefined:undefined":10,"s:122:4:122:Infinity":19,"s:122:17:122:Infinity":20,"s:123:4:123:Infinity":21,"b:123:11:123:56:123:56:123:Infinity":11},"fnNames":{}}}
}
